0 verbose cli C:\Program Files\nodejs\node.exe C:\Program Files\nodejs\node_modules\npm\bin\npm-cli.js
1 info using npm@10.8.2
2 info using node@v22.6.0
3 silly config load:file:C:\Program Files\nodejs\node_modules\npm\npmrc
4 silly config load:file:C:\Users\Luiza\Desktop\breadify\breadify\.npmrc
5 silly config load:file:C:\Users\Luiza\.npmrc
6 silly config load:file:C:\Users\Luiza\AppData\Roaming\npm\etc\npmrc
7 verbose title npm i jsonwebtoken
8 verbose argv "i" "jsonwebtoken"
9 verbose logfile logs-max:10 dir:C:\Users\Luiza\Desktop\breadify\breadify\backend\UsersLuizaAppDataLocalnpm-cache\_logs\2024-12-29T17_40_02_077Z-
10 verbose logfile C:\Users\Luiza\Desktop\breadify\breadify\backend\UsersLuizaAppDataLocalnpm-cache\_logs\2024-12-29T17_40_02_077Z-debug-0.log
11 silly packumentCache heap:4345298944 maxSize:1086324736 maxEntrySize:543162368
12 silly logfile start cleaning logs, removing 1 files
13 silly logfile done cleaning log files
14 silly idealTree buildDeps
15 silly fetch manifest jsonwebtoken@^9.0.2
16 silly packumentCache full:https://registry.npmjs.org/jsonwebtoken cache-miss
17 http fetch GET 200 https://registry.npmjs.org/jsonwebtoken 405ms (cache updated)
18 silly packumentCache full:https://registry.npmjs.org/jsonwebtoken set size:undefined disposed:false
19 silly placeDep ROOT jsonwebtoken@9.0.2 REPLACE for: mern_backeryshop@1.0.0 want: ^9.0.2
20 silly reify moves {}
21 silly audit bulk request {
21 silly audit   mern_backeryshop: [ '1.0.0' ],
21 silly audit   '@colors/colors': [ '1.6.0' ],
21 silly audit   '@dabh/diagnostics': [ '2.0.3' ],
21 silly audit   '@mongodb-js/saslprep': [ '1.1.9' ],
21 silly audit   '@types/triple-beam': [ '1.3.5' ],
21 silly audit   '@types/webidl-conversions': [ '7.0.3' ],
21 silly audit   '@types/whatwg-url': [ '11.0.5' ],
21 silly audit   accepts: [ '1.3.8' ],
21 silly audit   anymatch: [ '3.1.3' ],
21 silly audit   'array-flatten': [ '1.1.1' ],
21 silly audit   async: [ '3.2.6' ],
21 silly audit   'balanced-match': [ '1.0.2' ],
21 silly audit   bcryptjs: [ '2.4.3' ],
21 silly audit   'binary-extensions': [ '2.3.0' ],
21 silly audit   'body-parser': [ '1.20.3' ],
21 silly audit   'brace-expansion': [ '1.1.11' ],
21 silly audit   braces: [ '3.0.3' ],
21 silly audit   bson: [ '6.10.1' ],
21 silly audit   'buffer-equal-constant-time': [ '1.0.1' ],
21 silly audit   bytes: [ '3.1.2' ],
21 silly audit   'call-bind': [ '1.0.8' ],
21 silly audit   'call-bind-apply-helpers': [ '1.0.0' ],
21 silly audit   chokidar: [ '3.6.0' ],
21 silly audit   color: [ '3.2.1' ],
21 silly audit   'color-convert': [ '1.9.3' ],
21 silly audit   'color-name': [ '1.1.3' ],
21 silly audit   'color-string': [ '1.9.1' ],
21 silly audit   colorspace: [ '1.1.4' ],
21 silly audit   'concat-map': [ '0.0.1' ],
21 silly audit   'content-disposition': [ '0.5.4' ],
21 silly audit   'content-type': [ '1.0.5' ],
21 silly audit   cookie: [ '0.7.1', '0.3.1' ],
21 silly audit   'cookie-signature': [ '1.0.6' ],
21 silly audit   cors: [ '2.8.5' ],
21 silly audit   csrf: [ '3.1.0' ],
21 silly audit   csurf: [ '1.10.0' ],
21 silly audit   depd: [ '1.1.2', '2.0.0' ],
21 silly audit   'http-errors': [ '1.7.3', '2.0.0' ],
21 silly audit   setprototypeof: [ '1.1.1', '1.2.0' ],
21 silly audit   statuses: [ '1.5.0', '2.0.1' ],
21 silly audit   toidentifier: [ '1.0.0', '1.0.1' ],
21 silly audit   debug: [ '2.6.9', '4.4.0' ],
21 silly audit   'define-data-property': [ '1.1.4' ],
21 silly audit   destroy: [ '1.2.0' ],
21 silly audit   dotenv: [ '16.4.7' ],
21 silly audit   'dunder-proto': [ '1.0.0' ],
21 silly audit   'ecdsa-sig-formatter': [ '1.0.11' ],
21 silly audit   'ee-first': [ '1.1.1' ],
21 silly audit   enabled: [ '2.0.0' ],
21 silly audit   encodeurl: [ '2.0.0', '1.0.2' ],
21 silly audit   'es-define-property': [ '1.0.1' ],
21 silly audit   'es-errors': [ '1.3.0' ],
21 silly audit   'escape-html': [ '1.0.3' ],
21 silly audit   etag: [ '1.8.1' ],
21 silly audit   express: [ '4.21.2' ],
21 silly audit   fecha: [ '4.2.3' ],
21 silly audit   'fill-range': [ '7.1.1' ],
21 silly audit   finalhandler: [ '1.3.1' ],
21 silly audit   'fn.name': [ '1.1.0' ],
21 silly audit   forwarded: [ '0.2.0' ],
21 silly audit   fresh: [ '0.5.2' ],
21 silly audit   fsevents: [ '2.3.3' ],
21 silly audit   'function-bind': [ '1.1.2' ],
21 silly audit   'get-intrinsic': [ '1.2.5' ],
21 silly audit   'glob-parent': [ '5.1.2' ],
21 silly audit   gopd: [ '1.2.0' ],
21 silly audit   'has-flag': [ '3.0.0' ],
21 silly audit   'has-property-descriptors': [ '1.0.2' ],
21 silly audit   'has-symbols': [ '1.1.0' ],
21 silly audit   hasown: [ '2.0.2' ],
21 silly audit   'iconv-lite': [ '0.4.24' ],
21 silly audit   'ignore-by-default': [ '1.0.1' ],
21 silly audit   inherits: [ '2.0.4' ],
21 silly audit   'ipaddr.js': [ '1.9.1' ],
21 silly audit   'is-arrayish': [ '0.3.2' ],
21 silly audit   'is-binary-path': [ '2.1.0' ],
21 silly audit   'is-extglob': [ '2.1.1' ],
21 silly audit   'is-glob': [ '4.0.3' ],
21 silly audit   'is-number': [ '7.0.0' ],
21 silly audit   'is-stream': [ '2.0.1' ],
21 silly audit   ms: [ '2.1.3', '2.0.0' ],
21 silly audit   jwa: [ '1.4.1' ],
21 silly audit   jws: [ '3.2.2' ],
21 silly audit   kareem: [ '2.6.3' ],
21 silly audit   kuler: [ '2.0.0' ],
21 silly audit   'lodash.includes': [ '4.3.0' ],
21 silly audit   'lodash.isboolean': [ '3.0.3' ],
21 silly audit   'lodash.isinteger': [ '4.0.4' ],
21 silly audit   'lodash.isnumber': [ '3.0.3' ],
21 silly audit   'lodash.isplainobject': [ '4.0.6' ],
21 silly audit   'lodash.isstring': [ '4.0.1' ],
21 silly audit   'lodash.once': [ '4.1.1' ],
21 silly audit   logform: [ '2.7.0' ],
21 silly audit   'media-typer': [ '0.3.0' ],
21 silly audit   'memory-pager': [ '1.5.0' ],
21 silly audit   'merge-descriptors': [ '1.0.3' ],
21 silly audit   methods: [ '1.1.2' ],
21 silly audit   mime: [ '1.6.0' ],
21 silly audit   'mime-db': [ '1.52.0' ],
21 silly audit   'mime-types': [ '2.1.35' ],
21 silly audit   minimatch: [ '3.1.2' ],
21 silly audit   mongodb: [ '6.12.0' ],
21 silly audit   'mongodb-connection-string-url': [ '3.0.1' ],
21 silly audit   mongoose: [ '8.9.2' ],
21 silly audit   mpath: [ '0.9.0' ],
21 silly audit   mquery: [ '5.0.0' ],
21 silly audit   negotiator: [ '0.6.3' ],
21 silly audit   nodemon: [ '3.1.9' ],
21 silly audit   'normalize-path': [ '3.0.0' ],
21 silly audit   'object-assign': [ '4.1.1' ],
21 silly audit   'object-inspect': [ '1.13.3' ],
21 silly audit   'on-finished': [ '2.4.1' ],
21 silly audit   'one-time': [ '1.0.0' ],
21 silly audit   parseurl: [ '1.3.3' ],
21 silly audit   'path-to-regexp': [ '0.1.12' ],
21 silly audit   picomatch: [ '2.3.1' ],
21 silly audit   'proxy-addr': [ '2.0.7' ],
21 silly audit   'pstree.remy': [ '1.1.8' ],
21 silly audit   punycode: [ '2.3.1' ],
21 silly audit   qs: [ '6.13.0' ],
21 silly audit   'random-bytes': [ '1.0.0' ],
21 silly audit   'range-parser': [ '1.2.1' ],
21 silly audit   'raw-body': [ '2.5.2' ],
21 silly audit   'readable-stream': [ '3.6.2' ],
21 silly audit   readdirp: [ '3.6.0' ],
21 silly audit   rndm: [ '1.2.0' ],
21 silly audit   'safe-buffer': [ '5.2.1' ],
21 silly audit   'safe-stable-stringify': [ '2.5.0' ],
21 silly audit   'safer-buffer': [ '2.1.2' ],
21 silly audit   semver: [ '7.6.3' ],
21 silly audit   send: [ '0.19.0' ],
21 silly audit   'serve-static': [ '1.16.2' ],
21 silly audit   'set-function-length': [ '1.2.2' ],
21 silly audit   'side-channel': [ '1.0.6' ],
21 silly audit   sift: [ '17.1.3' ],
21 silly audit   'simple-swizzle': [ '0.2.2' ],
21 silly audit   'simple-update-notifier': [ '2.0.0' ],
21 silly audit   'sparse-bitfield': [ '3.0.3' ],
21 silly audit   'stack-trace': [ '0.0.10' ],
21 silly audit   string_decoder: [ '1.3.0' ],
21 silly audit   'supports-color': [ '5.5.0' ],
21 silly audit   'text-hex': [ '1.0.0' ],
21 silly audit   'to-regex-range': [ '5.0.1' ],
21 silly audit   touch: [ '3.1.1' ],
21 silly audit   tr46: [ '4.1.1' ],
21 silly audit   'triple-beam': [ '1.4.1' ],
21 silly audit   tsscmp: [ '1.0.6' ],
21 silly audit   'type-is': [ '1.6.18' ],
21 silly audit   'uid-safe': [ '2.1.5' ],
21 silly audit   undefsafe: [ '2.0.5' ],
21 silly audit   unpipe: [ '1.0.0' ],
21 silly audit   'util-deprecate': [ '1.0.2' ],
21 silly audit   'utils-merge': [ '1.0.1' ],
21 silly audit   vary: [ '1.1.2' ],
21 silly audit   'webidl-conversions': [ '7.0.0' ],
21 silly audit   'whatwg-url': [ '13.0.0' ],
21 silly audit   winston: [ '3.17.0' ],
21 silly audit   'winston-transport': [ '4.9.0' ],
21 silly audit   'xss-clean': [ '0.1.4' ],
21 silly audit   'xss-filters': [ '1.2.7' ],
21 silly audit   jsonwebtoken: [ '9.0.2' ]
21 silly audit }
22 verbose reify failed optional dependency C:\Users\Luiza\Desktop\breadify\breadify\node_modules\fsevents
23 silly reify mark deleted [
23 silly reify   'C:\\Users\\Luiza\\Desktop\\breadify\\breadify\\node_modules\\fsevents'
23 silly reify ]
24 http fetch POST 200 https://registry.npmjs.org/-/npm/v1/security/advisories/bulk 262ms
25 silly audit report {
25 silly audit report   cookie: [
25 silly audit report     {
25 silly audit report       id: 1099846,
25 silly audit report       url: 'https://github.com/advisories/GHSA-pxg6-pf52-xh8x',
25 silly audit report       title: 'cookie accepts cookie name, path, and domain with out of bounds characters',
25 silly audit report       severity: 'low',
25 silly audit report       vulnerable_versions: '<0.7.0',
25 silly audit report       cwe: [Array],
25 silly audit report       cvss: [Object]
25 silly audit report     }
25 silly audit report   ]
25 silly audit report }
26 silly packumentCache corgi:https://registry.npmjs.org/cookie cache-miss
27 http fetch GET 200 https://registry.npmjs.org/cookie 74ms (cache miss)
28 silly packumentCache corgi:https://registry.npmjs.org/cookie set size:undefined disposed:false
29 silly packumentCache corgi:https://registry.npmjs.org/csurf cache-miss
30 http fetch GET 200 https://registry.npmjs.org/csurf 84ms (cache miss)
31 silly packumentCache corgi:https://registry.npmjs.org/csurf set size:undefined disposed:false
32 silly ADD
33 verbose cwd C:\Users\Luiza\Desktop\breadify\breadify\backend
34 verbose os Windows_NT 10.0.26100
35 verbose node v22.6.0
36 verbose npm  v10.8.2
37 verbose exit 0
38 info ok
