0 verbose cli C:\Program Files\nodejs\node.exe C:\Program Files\nodejs\node_modules\npm\bin\npm-cli.js
1 info using npm@10.8.2
2 info using node@v22.6.0
3 silly config load:file:C:\Program Files\nodejs\node_modules\npm\npmrc
4 silly config load:file:C:\Users\Luiza\Desktop\breadify\breadify\.npmrc
5 silly config load:file:C:\Users\Luiza\.npmrc
6 silly config load:file:C:\Users\Luiza\AppData\Roaming\npm\etc\npmrc
7 verbose title npm list cors
8 verbose argv "list" "cors"
9 verbose logfile logs-max:10 dir:C:\Users\Luiza\Desktop\breadify\breadify\backend\UsersLuizaAppDataLocalnpm-cache\_logs\2024-12-27T11_30_46_010Z-
10 verbose logfile C:\Users\Luiza\Desktop\breadify\breadify\backend\UsersLuizaAppDataLocalnpm-cache\_logs\2024-12-27T11_30_46_010Z-debug-0.log
11 silly packumentCache heap:4345298944 maxSize:1086324736 maxEntrySize:543162368
12 silly logfile start cleaning logs, removing 1 files
13 silly logfile done cleaning log files
14 verbose cwd C:\Users\Luiza\Desktop\breadify\breadify\backend
15 verbose os Windows_NT 10.0.26100
16 verbose node v22.6.0
17 verbose npm  v10.8.2
18 verbose exit 0
19 info ok
