0 verbose cli C:\Program Files\nodejs\node.exe C:\Program Files\nodejs\node_modules\npm\bin\npm-cli.js
1 info using npm@10.8.2
2 info using node@v22.6.0
3 silly config load:file:C:\Program Files\nodejs\node_modules\npm\npmrc
4 silly config load:file:C:\Users\Luiza\Desktop\breadify\breadify\.npmrc
5 silly config load:file:C:\Users\Luiza\.npmrc
6 silly config load:file:C:\Users\Luiza\AppData\Roaming\npm\etc\npmrc
7 verbose title npm create vite@latest .
8 verbose argv "create" "vite@latest" "."
9 verbose logfile logs-max:10 dir:C:\Users\Luiza\Desktop\breadify\breadify\UsersLuizaAppDataLocalnpm-cache\_logs\2024-12-23T15_33_55_212Z-
10 verbose logfile C:\Users\Luiza\Desktop\breadify\breadify\UsersLuizaAppDataLocalnpm-cache\_logs\2024-12-23T15_33_55_212Z-debug-0.log
11 silly logfile done cleaning log files
12 silly packumentCache heap:4345298944 maxSize:1086324736 maxEntrySize:543162368
13 http fetch GET 200 https://registry.npmjs.org/create-vite 258ms (cache miss)
14 silly packumentCache heap:4345298944 maxSize:1086324736 maxEntrySize:543162368
15 verbose stack Error: canceled
15 verbose stack     at exec (C:\Program Files\nodejs\node_modules\npm\node_modules\libnpmexec\lib\index.js:281:19)
15 verbose stack     at process.processTicksAndRejections (node:internal/process/task_queues:95:5)
15 verbose stack     at async Init.execCreate (C:\Program Files\nodejs\node_modules\npm\lib\commands\init.js:136:5)
15 verbose stack     at async Init.exec (C:\Program Files\nodejs\node_modules\npm\lib\commands\init.js:44:14)
15 verbose stack     at async Npm.exec (C:\Program Files\nodejs\node_modules\npm\lib\npm.js:207:9)
15 verbose stack     at async module.exports (C:\Program Files\nodejs\node_modules\npm\lib\cli\entry.js:74:5)
16 error canceled
17 verbose cwd C:\Users\Luiza\Desktop\breadify\breadify
18 verbose os Windows_NT 10.0.26100
19 verbose node v22.6.0
20 verbose npm  v10.8.2
21 verbose exit 1
22 verbose code 1
23 error A complete log of this run can be found in: C:\Users\Luiza\Desktop\breadify\breadify\UsersLuizaAppDataLocalnpm-cache\_logs\2024-12-23T15_33_55_212Z-debug-0.log
