0 verbose cli C:\Program Files\nodejs\node.exe C:\Program Files\nodejs\node_modules\npm\bin\npm-cli.js
1 info using npm@10.8.2
2 info using node@v22.6.0
3 silly config load:file:C:\Program Files\nodejs\node_modules\npm\npmrc
4 silly config load:file:C:\Users\Luiza\Desktop\breadify\breadify\.npmrc
5 silly config load:file:C:\Users\Luiza\.npmrc
6 silly config load:file:C:\Users\Luiza\AppData\Roaming\npm\etc\npmrc
7 verbose title npm install xss-clean
8 verbose argv "install" "xss-clean"
9 verbose logfile logs-max:10 dir:C:\Users\Luiza\Desktop\breadify\breadify\UsersLuizaAppDataLocalnpm-cache\_logs\2024-12-26T14_28_52_268Z-
10 verbose logfile C:\Users\Luiza\Desktop\breadify\breadify\UsersLuizaAppDataLocalnpm-cache\_logs\2024-12-26T14_28_52_268Z-debug-0.log
11 silly packumentCache heap:4345298944 maxSize:1086324736 maxEntrySize:543162368
12 silly logfile done cleaning log files
13 silly idealTree buildDeps
14 silly fetch manifest xss-clean@*
15 silly packumentCache full:https://registry.npmjs.org/xss-clean cache-miss
16 http fetch GET 200 https://registry.npmjs.org/xss-clean 827ms (cache miss)
17 silly packumentCache full:https://registry.npmjs.org/xss-clean set size:undefined disposed:false
18 silly placeDep ROOT xss-clean@0.1.4 OK for: mern_backeryshop@1.0.0 want: *
19 silly fetch manifest xss-filters@1.2.7
20 silly packumentCache full:https://registry.npmjs.org/xss-filters cache-miss
21 http fetch GET 200 https://registry.npmjs.org/xss-filters 116ms (cache miss)
22 silly packumentCache full:https://registry.npmjs.org/xss-filters set size:undefined disposed:false
23 silly placeDep ROOT xss-filters@1.2.7 OK for: xss-clean@0.1.4 want: 1.2.7
24 silly reify moves {}
25 silly audit bulk request {
25 silly audit   mern_backeryshop: [ '1.0.0' ],
25 silly audit   '@colors/colors': [ '1.6.0' ],
25 silly audit   '@dabh/diagnostics': [ '2.0.3' ],
25 silly audit   '@mongodb-js/saslprep': [ '1.1.9' ],
25 silly audit   '@types/triple-beam': [ '1.3.5' ],
25 silly audit   '@types/webidl-conversions': [ '7.0.3' ],
25 silly audit   '@types/whatwg-url': [ '11.0.5' ],
25 silly audit   accepts: [ '1.3.8' ],
25 silly audit   anymatch: [ '3.1.3' ],
25 silly audit   'array-flatten': [ '1.1.1' ],
25 silly audit   async: [ '3.2.6' ],
25 silly audit   'balanced-match': [ '1.0.2' ],
25 silly audit   bcryptjs: [ '2.4.3' ],
25 silly audit   'binary-extensions': [ '2.3.0' ],
25 silly audit   'body-parser': [ '1.20.3' ],
25 silly audit   'brace-expansion': [ '1.1.11' ],
25 silly audit   braces: [ '3.0.3' ],
25 silly audit   bson: [ '6.10.1' ],
25 silly audit   'buffer-equal-constant-time': [ '1.0.1' ],
25 silly audit   bytes: [ '3.1.2' ],
25 silly audit   'call-bind': [ '1.0.8' ],
25 silly audit   'call-bind-apply-helpers': [ '1.0.0' ],
25 silly audit   chokidar: [ '3.6.0' ],
25 silly audit   color: [ '3.2.1' ],
25 silly audit   'color-convert': [ '1.9.3' ],
25 silly audit   'color-name': [ '1.1.3' ],
25 silly audit   'color-string': [ '1.9.1' ],
25 silly audit   colorspace: [ '1.1.4' ],
25 silly audit   'concat-map': [ '0.0.1' ],
25 silly audit   'content-disposition': [ '0.5.4' ],
25 silly audit   'content-type': [ '1.0.5' ],
25 silly audit   cookie: [ '0.7.1' ],
25 silly audit   'cookie-signature': [ '1.0.6' ],
25 silly audit   cors: [ '2.8.5' ],
25 silly audit   debug: [ '2.6.9', '4.4.0' ],
25 silly audit   'define-data-property': [ '1.1.4' ],
25 silly audit   depd: [ '2.0.0' ],
25 silly audit   destroy: [ '1.2.0' ],
25 silly audit   dotenv: [ '16.4.7' ],
25 silly audit   'dunder-proto': [ '1.0.0' ],
25 silly audit   'ecdsa-sig-formatter': [ '1.0.11' ],
25 silly audit   'ee-first': [ '1.1.1' ],
25 silly audit   enabled: [ '2.0.0' ],
25 silly audit   encodeurl: [ '2.0.0', '1.0.2' ],
25 silly audit   'es-define-property': [ '1.0.1' ],
25 silly audit   'es-errors': [ '1.3.0' ],
25 silly audit   'escape-html': [ '1.0.3' ],
25 silly audit   etag: [ '1.8.1' ],
25 silly audit   express: [ '4.21.2' ],
25 silly audit   fecha: [ '4.2.3' ],
25 silly audit   'fill-range': [ '7.1.1' ],
25 silly audit   finalhandler: [ '1.3.1' ],
25 silly audit   'fn.name': [ '1.1.0' ],
25 silly audit   forwarded: [ '0.2.0' ],
25 silly audit   fresh: [ '0.5.2' ],
25 silly audit   fsevents: [ '2.3.3' ],
25 silly audit   'function-bind': [ '1.1.2' ],
25 silly audit   'get-intrinsic': [ '1.2.5' ],
25 silly audit   'glob-parent': [ '5.1.2' ],
25 silly audit   gopd: [ '1.2.0' ],
25 silly audit   'has-flag': [ '3.0.0' ],
25 silly audit   'has-property-descriptors': [ '1.0.2' ],
25 silly audit   'has-symbols': [ '1.1.0' ],
25 silly audit   hasown: [ '2.0.2' ],
25 silly audit   'http-errors': [ '2.0.0' ],
25 silly audit   'iconv-lite': [ '0.4.24' ],
25 silly audit   'ignore-by-default': [ '1.0.1' ],
25 silly audit   inherits: [ '2.0.4' ],
25 silly audit   'ipaddr.js': [ '1.9.1' ],
25 silly audit   'is-arrayish': [ '0.3.2' ],
25 silly audit   'is-binary-path': [ '2.1.0' ],
25 silly audit   'is-extglob': [ '2.1.1' ],
25 silly audit   'is-glob': [ '4.0.3' ],
25 silly audit   'is-number': [ '7.0.0' ],
25 silly audit   'is-stream': [ '2.0.1' ],
25 silly audit   jsonwebtoken: [ '9.0.2' ],
25 silly audit   ms: [ '2.1.3', '2.0.0' ],
25 silly audit   jwa: [ '1.4.1' ],
25 silly audit   jws: [ '3.2.2' ],
25 silly audit   kareem: [ '2.6.3' ],
25 silly audit   kuler: [ '2.0.0' ],
25 silly audit   'lodash.includes': [ '4.3.0' ],
25 silly audit   'lodash.isboolean': [ '3.0.3' ],
25 silly audit   'lodash.isinteger': [ '4.0.4' ],
25 silly audit   'lodash.isnumber': [ '3.0.3' ],
25 silly audit   'lodash.isplainobject': [ '4.0.6' ],
25 silly audit   'lodash.isstring': [ '4.0.1' ],
25 silly audit   'lodash.once': [ '4.1.1' ],
25 silly audit   logform: [ '2.7.0' ],
25 silly audit   'media-typer': [ '0.3.0' ],
25 silly audit   'memory-pager': [ '1.5.0' ],
25 silly audit   'merge-descriptors': [ '1.0.3' ],
25 silly audit   methods: [ '1.1.2' ],
25 silly audit   mime: [ '1.6.0' ],
25 silly audit   'mime-db': [ '1.52.0' ],
25 silly audit   'mime-types': [ '2.1.35' ],
25 silly audit   minimatch: [ '3.1.2' ],
25 silly audit   mongodb: [ '6.12.0' ],
25 silly audit   'mongodb-connection-string-url': [ '3.0.1' ],
25 silly audit   mongoose: [ '8.9.2' ],
25 silly audit   mpath: [ '0.9.0' ],
25 silly audit   mquery: [ '5.0.0' ],
25 silly audit   negotiator: [ '0.6.3' ],
25 silly audit   nodemon: [ '3.1.9' ],
25 silly audit   'normalize-path': [ '3.0.0' ],
25 silly audit   'object-assign': [ '4.1.1' ],
25 silly audit   'object-inspect': [ '1.13.3' ],
25 silly audit   'on-finished': [ '2.4.1' ],
25 silly audit   'one-time': [ '1.0.0' ],
25 silly audit   parseurl: [ '1.3.3' ],
25 silly audit   'path-to-regexp': [ '0.1.12' ],
25 silly audit   picomatch: [ '2.3.1' ],
25 silly audit   'proxy-addr': [ '2.0.7' ],
25 silly audit   'pstree.remy': [ '1.1.8' ],
25 silly audit   punycode: [ '2.3.1' ],
25 silly audit   qs: [ '6.13.0' ],
25 silly audit   'range-parser': [ '1.2.1' ],
25 silly audit   'raw-body': [ '2.5.2' ],
25 silly audit   'readable-stream': [ '3.6.2' ],
25 silly audit   readdirp: [ '3.6.0' ],
25 silly audit   'safe-buffer': [ '5.2.1' ],
25 silly audit   'safe-stable-stringify': [ '2.5.0' ],
25 silly audit   'safer-buffer': [ '2.1.2' ],
25 silly audit   semver: [ '7.6.3' ],
25 silly audit   send: [ '0.19.0' ],
25 silly audit   'serve-static': [ '1.16.2' ],
25 silly audit   'set-function-length': [ '1.2.2' ],
25 silly audit   setprototypeof: [ '1.2.0' ],
25 silly audit   'side-channel': [ '1.0.6' ],
25 silly audit   sift: [ '17.1.3' ],
25 silly audit   'simple-swizzle': [ '0.2.2' ],
25 silly audit   'simple-update-notifier': [ '2.0.0' ],
25 silly audit   'sparse-bitfield': [ '3.0.3' ],
25 silly audit   'stack-trace': [ '0.0.10' ],
25 silly audit   statuses: [ '2.0.1' ],
25 silly audit   string_decoder: [ '1.3.0' ],
25 silly audit   'supports-color': [ '5.5.0' ],
25 silly audit   'text-hex': [ '1.0.0' ],
25 silly audit   'to-regex-range': [ '5.0.1' ],
25 silly audit   toidentifier: [ '1.0.1' ],
25 silly audit   touch: [ '3.1.1' ],
25 silly audit   tr46: [ '4.1.1' ],
25 silly audit   'triple-beam': [ '1.4.1' ],
25 silly audit   'type-is': [ '1.6.18' ],
25 silly audit   undefsafe: [ '2.0.5' ],
25 silly audit   unpipe: [ '1.0.0' ],
25 silly audit   'util-deprecate': [ '1.0.2' ],
25 silly audit   'utils-merge': [ '1.0.1' ],
25 silly audit   vary: [ '1.1.2' ],
25 silly audit   'webidl-conversions': [ '7.0.0' ],
25 silly audit   'whatwg-url': [ '13.0.0' ],
25 silly audit   winston: [ '3.17.0' ],
25 silly audit   'winston-transport': [ '4.9.0' ],
25 silly audit   'xss-clean': [ '0.1.4' ],
25 silly audit   'xss-filters': [ '1.2.7' ]
25 silly audit }
26 verbose reify failed optional dependency C:\Users\Luiza\Desktop\breadify\breadify\node_modules\fsevents
27 silly reify mark deleted [
27 silly reify   'C:\\Users\\Luiza\\Desktop\\breadify\\breadify\\node_modules\\fsevents'
27 silly reify ]
28 silly tarball no local data for xss-filters@https://registry.npmjs.org/xss-filters/-/xss-filters-1.2.7.tgz. Extracting by manifest.
29 silly tarball no local data for xss-clean@https://registry.npmjs.org/xss-clean/-/xss-clean-0.1.4.tgz. Extracting by manifest.
30 http fetch POST 200 https://registry.npmjs.org/-/npm/v1/security/advisories/bulk 382ms
31 silly audit report {}
32 http fetch GET 200 https://registry.npmjs.org/xss-clean/-/xss-clean-0.1.4.tgz 397ms (cache miss)
33 warn deprecated xss-clean@0.1.4: Package no longer supported. Contact Support at https://www.npmjs.com/support for more info.
34 http fetch GET 200 https://registry.npmjs.org/xss-filters/-/xss-filters-1.2.7.tgz 401ms (cache miss)
35 silly ADD node_modules/xss-filters
36 silly ADD node_modules/xss-clean
37 silly ADD
38 verbose cwd C:\Users\Luiza\Desktop\breadify\breadify
39 verbose os Windows_NT 10.0.26100
40 verbose node v22.6.0
41 verbose npm  v10.8.2
42 verbose exit 0
43 info ok
